# JRE version: OpenJDK Runtime Environment (8.0_152-b02) (build 1.8.0_152-release-1024-b02)
# Java VM: OpenJDK 64-Bit Server VM (25.152-b02 mixed mode windows-amd64 compressed oops)
Heap:
 PSYoungGen      total 494592K, used 193484K [0x00000000e0000000, 0x00000000ffe80000, 0x0000000100000000)
  eden space 468480K, 38% used [0x00000000e0000000,0x00000000eb0f5b80,0x00000000fc980000)
  from space 26112K, 47% used [0x00000000fc980000,0x00000000fd57d860,0x00000000fe300000)
  to   space 25088K, 0% used [0x00000000fe600000,0x00000000fe600000,0x00000000ffe80000)
 ParOldGen       total 122368K, used 72725K [0x00000000a0000000, 0x00000000a7780000, 0x00000000e0000000)
  object space 122368K, 59% used [0x00000000a0000000,0x00000000a47057c0,0x00000000a7780000)
 Metaspace       used 81438K, capacity 85968K, committed 86232K, reserved 1124352K
  class space    used 10339K, capacity 11155K, committed 11264K, reserved 1048576K
GC Heap History (10 events):
Event: 488.873 GC heap before
{Heap before GC invocations=34 (full 3):
 PSYoungGen      total 491520K, used 465881K [0x00000000e0000000, 0x00000000fff00000, 0x0000000100000000)
  eden space 460800K, 99% used [0x00000000e0000000,0x00000000fc17e240,0x00000000fc200000)
  from space 30720K, 18% used [0x00000000fe100000,0x00000000fe6784e0,0x00000000fff00000)
  to   space 31232K, 0% used [0x00000000fc200000,0x00000000fc200000,0x00000000fe080000)
 ParOldGen       total 122368K, used 67951K [0x00000000a0000000, 0x00000000a7780000, 0x00000000e0000000)
  object space 122368K, 55% used [0x00000000a0000000,0x00000000a425bca0,0x00000000a7780000)
 Metaspace       used 79627K, capacity 83568K, committed 83672K, reserved 1122304K
  class space    used 10217K, capacity 10971K, committed 11008K, reserved 1048576K
Event: 488.889 GC heap after
Heap after GC invocations=34 (full 3):
 PSYoungGen      total 492032K, used 5821K [0x00000000e0000000, 0x00000000ffe80000, 0x0000000100000000)
  eden space 460800K, 0% used [0x00000000e0000000,0x00000000e0000000,0x00000000fc200000)
  from space 31232K, 18% used [0x00000000fc200000,0x00000000fc7af5b0,0x00000000fe080000)
  to   space 30208K, 0% used [0x00000000fe100000,0x00000000fe100000,0x00000000ffe80000)
 ParOldGen       total 122368K, used 72701K [0x00000000a0000000, 0x00000000a7780000, 0x00000000e0000000)
  object space 122368K, 59% used [0x00000000a0000000,0x00000000a46ff7c0,0x00000000a7780000)
 Metaspace       used 79627K, capacity 83568K, committed 83672K, reserved 1122304K
  class space    used 10217K, capacity 10971K, committed 11008K, reserved 1048576K
}
Event: 650.990 GC heap before
{Heap before GC invocations=35 (full 3):
 PSYoungGen      total 492032K, used 466600K [0x00000000e0000000, 0x00000000ffe80000, 0x0000000100000000)
  eden space 460800K, 99% used [0x00000000e0000000,0x00000000fc1fab30,0x00000000fc200000)
  from space 31232K, 18% used [0x00000000fc200000,0x00000000fc7af5b0,0x00000000fe080000)
  to   space 30208K, 0% used [0x00000000fe100000,0x00000000fe100000,0x00000000ffe80000)
 ParOldGen       total 122368K, used 72701K [0x00000000a0000000, 0x00000000a7780000, 0x00000000e0000000)
  object space 122368K, 59% used [0x00000000a0000000,0x00000000a46ff7c0,0x00000000a7780000)
 Metaspace       used 81149K, capacity 85652K, committed 85976K, reserved 1124352K
  class space    used 10333K, capacity 11147K, committed 11264K, reserved 1048576K
Event: 651.008 GC heap after
Heap after GC invocations=35 (full 3):
 PSYoungGen      total 490496K, used 9543K [0x00000000e0000000, 0x00000000ffc00000, 0x0000000100000000)
  eden space 462848K, 0% used [0x00000000e0000000,0x00000000e0000000,0x00000000fc400000)
  from space 27648K, 34% used [0x00000000fe100000,0x00000000fea51d58,0x00000000ffc00000)
  to   space 28672K, 0% used [0x00000000fc400000,0x00000000fc400000,0x00000000fe000000)
 ParOldGen       total 122368K, used 72709K [0x00000000a0000000, 0x00000000a7780000, 0x00000000e0000000)
  object space 122368K, 59% used [0x00000000a0000000,0x00000000a47017c0,0x00000000a7780000)
 Metaspace       used 81149K, capacity 85652K, committed 85976K, reserved 1124352K
  class space    used 10333K, capacity 11147K, committed 11264K, reserved 1048576K
}
Event: 654.924 GC heap before
{Heap before GC invocations=36 (full 3):
 PSYoungGen      total 490496K, used 472320K [0x00000000e0000000, 0x00000000ffc00000, 0x0000000100000000)
  eden space 462848K, 99% used [0x00000000e0000000,0x00000000fc3ee3d0,0x00000000fc400000)
  from space 27648K, 34% used [0x00000000fe100000,0x00000000fea51d58,0x00000000ffc00000)
  to   space 28672K, 0% used [0x00000000fc400000,0x00000000fc400000,0x00000000fe000000)
 ParOldGen       total 122368K, used 72709K [0x00000000a0000000, 0x00000000a7780000, 0x00000000e0000000)
  object space 122368K, 59% used [0x00000000a0000000,0x00000000a47017c0,0x00000000a7780000)
 Metaspace       used 81184K, capacity 85716K, committed 85976K, reserved 1124352K
  class space    used 10334K, capacity 11147K, committed 11264K, reserved 1048576K
Event: 654.949 GC heap after
Heap after GC invocations=36 (full 3):
 PSYoungGen      total 491520K, used 11884K [0x00000000e0000000, 0x00000000ffe00000, 0x0000000100000000)
  eden space 462848K, 0% used [0x00000000e0000000,0x00000000e0000000,0x00000000fc400000)
  from space 28672K, 41% used [0x00000000fc400000,0x00000000fcf9b1a8,0x00000000fe000000)
  to   space 27136K, 0% used [0x00000000fe380000,0x00000000fe380000,0x00000000ffe00000)
 ParOldGen       total 122368K, used 72709K [0x00000000a0000000, 0x00000000a7780000, 0x00000000e0000000)
  object space 122368K, 59% used [0x00000000a0000000,0x00000000a47017c0,0x00000000a7780000)
 Metaspace       used 81184K, capacity 85716K, committed 85976K, reserved 1124352K
  class space    used 10334K, capacity 11147K, committed 11264K, reserved 1048576K
}
Event: 674.095 GC heap before
{Heap before GC invocations=37 (full 3):
 PSYoungGen      total 491520K, used 474732K [0x00000000e0000000, 0x00000000ffe00000, 0x0000000100000000)
  eden space 462848K, 100% used [0x00000000e0000000,0x00000000fc400000,0x00000000fc400000)
  from space 28672K, 41% used [0x00000000fc400000,0x00000000fcf9b1a8,0x00000000fe000000)
  to   space 27136K, 0% used [0x00000000fe380000,0x00000000fe380000,0x00000000ffe00000)
 ParOldGen       total 122368K, used 72709K [0x00000000a0000000, 0x00000000a7780000, 0x00000000e0000000)
  object space 122368K, 59% used [0x00000000a0000000,0x00000000a47017c0,0x00000000a7780000)
 Metaspace       used 81345K, capacity 85888K, committed 86232K, reserved 1124352K
  class space    used 10338K, capacity 11153K, committed 11264K, reserved 1048576K
Event: 674.133 GC heap after
Heap after GC invocations=37 (full 3):
 PSYoungGen      total 494080K, used 9485K [0x00000000e0000000, 0x00000000ffc80000, 0x0000000100000000)
  eden space 468480K, 0% used [0x00000000e0000000,0x00000000e0000000,0x00000000fc980000)
  from space 25600K, 37% used [0x00000000fe380000,0x00000000fecc37f8,0x00000000ffc80000)
  to   space 26112K, 0% used [0x00000000fc980000,0x00000000fc980000,0x00000000fe300000)
 ParOldGen       total 122368K, used 72717K [0x00000000a0000000, 0x00000000a7780000, 0x00000000e0000000)
  object space 122368K, 59% used [0x00000000a0000000,0x00000000a47037c0,0x00000000a7780000)
 Metaspace       used 81345K, capacity 85888K, committed 86232K, reserved 1124352K
  class space    used 10338K, capacity 11153K, committed 11264K, reserved 1048576K
}
Event: 681.399 GC heap before
{Heap before GC invocations=38 (full 3):
 PSYoungGen      total 494080K, used 477358K [0x00000000e0000000, 0x00000000ffc80000, 0x0000000100000000)
  eden space 468480K, 99% used [0x00000000e0000000,0x00000000fc8e80a0,0x00000000fc980000)
  from space 25600K, 37% used [0x00000000fe380000,0x00000000fecc37f8,0x00000000ffc80000)
  to   space 26112K, 0% used [0x00000000fc980000,0x00000000fc980000,0x00000000fe300000)
 ParOldGen       total 122368K, used 72717K [0x00000000a0000000, 0x00000000a7780000, 0x00000000e0000000)
  object space 122368K, 59% used [0x00000000a0000000,0x00000000a47037c0,0x00000000a7780000)
 Metaspace       used 81398K, capacity 85962K, committed 86232K, reserved 1124352K
  class space    used 10339K, capacity 11154K, committed 11264K, reserved 1048576K
Event: 681.413 GC heap after
Heap after GC invocations=38 (full 3):
 PSYoungGen      total 494592K, used 12278K [0x00000000e0000000, 0x00000000ffe80000, 0x0000000100000000)
  eden space 468480K, 0% used [0x00000000e0000000,0x00000000e0000000,0x00000000fc980000)
  from space 26112K, 47% used [0x00000000fc980000,0x00000000fd57d860,0x00000000fe300000)
  to   space 25088K, 0% used [0x00000000fe600000,0x00000000fe600000,0x00000000ffe80000)
 ParOldGen       total 122368K, used 72725K [0x00000000a0000000, 0x00000000a7780000, 0x00000000e0000000)
  object space 122368K, 59% used [0x00000000a0000000,0x00000000a47057c0,0x00000000a7780000)
 Metaspace       used 81398K, capacity 85962K, committed 86232K, reserved 1124352K
  class space    used 10339K, capacity 11154K, committed 11264K, reserved 1048576K
}

