# JRE version: OpenJDK Runtime Environment (8.0_152-b02) (build 1.8.0_152-release-1024-b02)
# Java VM: OpenJDK 64-Bit Server VM (25.152-b02 mixed mode windows-amd64 compressed oops)
Heap:
 PSYoungGen      total 98816K, used 25838K [0x00000000e0000000, 0x00000000e8280000, 0x0000000100000000)
  eden space 86016K, 15% used [0x00000000e0000000,0x00000000e0cbcae8,0x00000000e5400000)
  from space 12800K, 99% used [0x00000000e5400000,0x00000000e607ed70,0x00000000e6080000)
  to   space 14848K, 0% used [0x00000000e7400000,0x00000000e7400000,0x00000000e8280000)
 ParOldGen       total 91136K, used 18554K [0x00000000a0000000, 0x00000000a5900000, 0x00000000e0000000)
  object space 91136K, 20% used [0x00000000a0000000,0x00000000a121eae8,0x00000000a5900000)
 Metaspace       used 47750K, capacity 48932K, committed 49024K, reserved 1091584K
  class space    used 6464K, capacity 6765K, committed 6784K, reserved 1048576K
GC Heap History (10 events):
Event: 16.395 GC heap before
{Heap before GC invocations=7 (full 1):
 PSYoungGen      total 52736K, used 52714K [0x00000000e0000000, 0x00000000e5780000, 0x0000000100000000)
  eden space 49152K, 100% used [0x00000000e0000000,0x00000000e3000000,0x00000000e3000000)
  from space 3584K, 99% used [0x00000000e3000000,0x00000000e337a820,0x00000000e3380000)
  to   space 11264K, 0% used [0x00000000e4c80000,0x00000000e4c80000,0x00000000e5780000)
 ParOldGen       total 58880K, used 12827K [0x00000000a0000000, 0x00000000a3980000, 0x00000000e0000000)
  object space 58880K, 21% used [0x00000000a0000000,0x00000000a0c86cc0,0x00000000a3980000)
 Metaspace       used 28657K, capacity 29208K, committed 29312K, reserved 1075200K
  class space    used 4016K, capacity 4185K, committed 4224K, reserved 1048576K
Event: 16.413 GC heap after
Heap after GC invocations=7 (full 1):
 PSYoungGen      total 75264K, used 6649K [0x00000000e0000000, 0x00000000e5580000, 0x0000000100000000)
  eden space 66048K, 0% used [0x00000000e0000000,0x00000000e0000000,0x00000000e4080000)
  from space 9216K, 72% used [0x00000000e4c80000,0x00000000e52fe4a0,0x00000000e5580000)
  to   space 10752K, 0% used [0x00000000e4080000,0x00000000e4080000,0x00000000e4b00000)
 ParOldGen       total 58880K, used 12835K [0x00000000a0000000, 0x00000000a3980000, 0x00000000e0000000)
  object space 58880K, 21% used [0x00000000a0000000,0x00000000a0c88cc0,0x00000000a3980000)
 Metaspace       used 28657K, capacity 29208K, committed 29312K, reserved 1075200K
  class space    used 4016K, capacity 4185K, committed 4224K, reserved 1048576K
}
Event: 24.067 GC heap before
{Heap before GC invocations=8 (full 1):
 PSYoungGen      total 75264K, used 60636K [0x00000000e0000000, 0x00000000e5580000, 0x0000000100000000)
  eden space 66048K, 81% used [0x00000000e0000000,0x00000000e34b8f28,0x00000000e4080000)
  from space 9216K, 72% used [0x00000000e4c80000,0x00000000e52fe4a0,0x00000000e5580000)
  to   space 10752K, 0% used [0x00000000e4080000,0x00000000e4080000,0x00000000e4b00000)
 ParOldGen       total 58880K, used 12835K [0x00000000a0000000, 0x00000000a3980000, 0x00000000e0000000)
  object space 58880K, 21% used [0x00000000a0000000,0x00000000a0c88cc0,0x00000000a3980000)
 Metaspace       used 34685K, capacity 35318K, committed 35416K, reserved 1079296K
  class space    used 4787K, capacity 4971K, committed 4992K, reserved 1048576K
Event: 24.090 GC heap after
Heap after GC invocations=8 (full 1):
 PSYoungGen      total 76800K, used 10740K [0x00000000e0000000, 0x00000000e6c80000, 0x0000000100000000)
  eden space 66048K, 0% used [0x00000000e0000000,0x00000000e0000000,0x00000000e4080000)
  from space 10752K, 99% used [0x00000000e4080000,0x00000000e4afd0e0,0x00000000e4b00000)
  to   space 12288K, 0% used [0x00000000e6080000,0x00000000e6080000,0x00000000e6c80000)
 ParOldGen       total 58880K, used 12859K [0x00000000a0000000, 0x00000000a3980000, 0x00000000e0000000)
  object space 58880K, 21% used [0x00000000a0000000,0x00000000a0c8ecc0,0x00000000a3980000)
 Metaspace       used 34685K, capacity 35318K, committed 35416K, reserved 1079296K
  class space    used 4787K, capacity 4971K, committed 4992K, reserved 1048576K
}
Event: 24.090 GC heap before
{Heap before GC invocations=9 (full 2):
 PSYoungGen      total 76800K, used 10740K [0x00000000e0000000, 0x00000000e6c80000, 0x0000000100000000)
  eden space 66048K, 0% used [0x00000000e0000000,0x00000000e0000000,0x00000000e4080000)
  from space 10752K, 99% used [0x00000000e4080000,0x00000000e4afd0e0,0x00000000e4b00000)
  to   space 12288K, 0% used [0x00000000e6080000,0x00000000e6080000,0x00000000e6c80000)
 ParOldGen       total 58880K, used 12859K [0x00000000a0000000, 0x00000000a3980000, 0x00000000e0000000)
  object space 58880K, 21% used [0x00000000a0000000,0x00000000a0c8ecc0,0x00000000a3980000)
 Metaspace       used 34685K, capacity 35318K, committed 35416K, reserved 1079296K
  class space    used 4787K, capacity 4971K, committed 4992K, reserved 1048576K
Event: 24.242 GC heap after
Heap after GC invocations=9 (full 2):
 PSYoungGen      total 76800K, used 0K [0x00000000e0000000, 0x00000000e6c80000, 0x0000000100000000)
  eden space 66048K, 0% used [0x00000000e0000000,0x00000000e0000000,0x00000000e4080000)
  from space 10752K, 0% used [0x00000000e4080000,0x00000000e4080000,0x00000000e4b00000)
  to   space 12288K, 0% used [0x00000000e6080000,0x00000000e6080000,0x00000000e6c80000)
 ParOldGen       total 91136K, used 17254K [0x00000000a0000000, 0x00000000a5900000, 0x00000000e0000000)
  object space 91136K, 18% used [0x00000000a0000000,0x00000000a10d9bf0,0x00000000a5900000)
 Metaspace       used 34685K, capacity 35318K, committed 35416K, reserved 1079296K
  class space    used 4787K, capacity 4971K, committed 4992K, reserved 1048576K
}
Event: 26.889 GC heap before
{Heap before GC invocations=10 (full 2):
 PSYoungGen      total 76800K, used 66048K [0x00000000e0000000, 0x00000000e6c80000, 0x0000000100000000)
  eden space 66048K, 100% used [0x00000000e0000000,0x00000000e4080000,0x00000000e4080000)
  from space 10752K, 0% used [0x00000000e4080000,0x00000000e4080000,0x00000000e4b00000)
  to   space 12288K, 0% used [0x00000000e6080000,0x00000000e6080000,0x00000000e6c80000)
 ParOldGen       total 91136K, used 17254K [0x00000000a0000000, 0x00000000a5900000, 0x00000000e0000000)
  object space 91136K, 18% used [0x00000000a0000000,0x00000000a10d9bf0,0x00000000a5900000)
 Metaspace       used 38018K, capacity 38788K, committed 39040K, reserved 1083392K
  class space    used 5189K, capacity 5400K, committed 5504K, reserved 1048576K
Event: 26.907 GC heap after
Heap after GC invocations=10 (full 2):
 PSYoungGen      total 98304K, used 8945K [0x00000000e0000000, 0x00000000e6f80000, 0x0000000100000000)
  eden space 86016K, 0% used [0x00000000e0000000,0x00000000e0000000,0x00000000e5400000)
  from space 12288K, 72% used [0x00000000e6080000,0x00000000e693c708,0x00000000e6c80000)
  to   space 12800K, 0% used [0x00000000e5400000,0x00000000e5400000,0x00000000e6080000)
 ParOldGen       total 91136K, used 17262K [0x00000000a0000000, 0x00000000a5900000, 0x00000000e0000000)
  object space 91136K, 18% used [0x00000000a0000000,0x00000000a10dbbf0,0x00000000a5900000)
 Metaspace       used 38018K, capacity 38788K, committed 39040K, reserved 1083392K
  class space    used 5189K, capacity 5400K, committed 5504K, reserved 1048576K
}
Event: 32.437 GC heap before
{Heap before GC invocations=11 (full 2):
 PSYoungGen      total 98304K, used 94961K [0x00000000e0000000, 0x00000000e6f80000, 0x0000000100000000)
  eden space 86016K, 100% used [0x00000000e0000000,0x00000000e5400000,0x00000000e5400000)
  from space 12288K, 72% used [0x00000000e6080000,0x00000000e693c708,0x00000000e6c80000)
  to   space 12800K, 0% used [0x00000000e5400000,0x00000000e5400000,0x00000000e6080000)
 ParOldGen       total 91136K, used 17262K [0x00000000a0000000, 0x00000000a5900000, 0x00000000e0000000)
  object space 91136K, 18% used [0x00000000a0000000,0x00000000a10dbbf0,0x00000000a5900000)
 Metaspace       used 46173K, capacity 47144K, committed 47360K, reserved 1089536K
  class space    used 6281K, capacity 6569K, committed 6656K, reserved 1048576K
Event: 32.471 GC heap after
Heap after GC invocations=11 (full 2):
 PSYoungGen      total 98816K, used 12795K [0x00000000e0000000, 0x00000000e8280000, 0x0000000100000000)
  eden space 86016K, 0% used [0x00000000e0000000,0x00000000e0000000,0x00000000e5400000)
  from space 12800K, 99% used [0x00000000e5400000,0x00000000e607ed70,0x00000000e6080000)
  to   space 14848K, 0% used [0x00000000e7400000,0x00000000e7400000,0x00000000e8280000)
 ParOldGen       total 91136K, used 18554K [0x00000000a0000000, 0x00000000a5900000, 0x00000000e0000000)
  object space 91136K, 20% used [0x00000000a0000000,0x00000000a121eae8,0x00000000a5900000)
 Metaspace       used 46173K, capacity 47144K, committed 47360K, reserved 1089536K
  class space    used 6281K, capacity 6569K, committed 6656K, reserved 1048576K
}

